This is pdfTeX, Version 3.14159265-2.6-1.40.17 (TeX Live 2016) (preloaded format=pdflatex 2016.10.3)  17 APR 2017 12:40
entering extended mode
 restricted \write18 enabled.
 %&-line parsing enabled.
**report_problem_2.tex
(./report_problem_2.tex
LaTeX2e <2016/03/31>
Babel <3.9r> and hyphenation patterns for 83 language(s) loaded.
(/usr/local/texlive/2016/texmf-dist/tex/latex/base/article.cls
Document Class: article 2014/09/29 v1.4h Standard LaTeX document class
(/usr/local/texlive/2016/texmf-dist/tex/latex/base/size10.clo
File: size10.clo 2014/09/29 v1.4h Standard LaTeX file (size option)
)
\c@part=\count79
\c@section=\count80
\c@subsection=\count81
\c@subsubsection=\count82
\c@paragraph=\count83
\c@subparagraph=\count84
\c@figure=\count85
\c@table=\count86
\abovecaptionskip=\skip41
\belowcaptionskip=\skip42
\bibindent=\dimen102
)
(/usr/local/texlive/2016/texmf-dist/tex/latex/base/fontenc.sty
Package: fontenc 2005/09/27 v1.99g Standard LaTeX package

(/usr/local/texlive/2016/texmf-dist/tex/latex/base/t1enc.def
File: t1enc.def 2005/09/27 v1.99g Standard LaTeX file
LaTeX Font Info:    Redeclaring font encoding T1 on input line 48.
))
(/usr/local/texlive/2016/texmf-dist/tex/latex/base/inputenc.sty
Package: inputenc 2015/03/17 v1.2c Input encoding file
\inpenc@prehook=\toks14
\inpenc@posthook=\toks15

(/usr/local/texlive/2016/texmf-dist/tex/latex/base/latin9.def
File: latin9.def 2015/03/17 v1.2c Input encoding file
))
(/usr/local/texlive/2016/texmf-dist/tex/latex/geometry/geometry.sty
Package: geometry 2010/09/12 v5.6 Page Geometry

(/usr/local/texlive/2016/texmf-dist/tex/latex/graphics/keyval.sty
Package: keyval 2014/10/28 v1.15 key=value parser (DPC)
\KV@toks@=\toks16
)
(/usr/local/texlive/2016/texmf-dist/tex/generic/oberdiek/ifpdf.sty
Package: ifpdf 2016/05/14 v3.1 Provides the ifpdf switch
)
(/usr/local/texlive/2016/texmf-dist/tex/generic/oberdiek/ifvtex.sty
Package: ifvtex 2016/05/16 v1.6 Detect VTeX and its facilities (HO)
Package ifvtex Info: VTeX not detected.
)
(/usr/local/texlive/2016/texmf-dist/tex/generic/ifxetex/ifxetex.sty
Package: ifxetex 2010/09/12 v0.6 Provides ifxetex conditional
)
\Gm@cnth=\count87
\Gm@cntv=\count88
\c@Gm@tempcnt=\count89
\Gm@bindingoffset=\dimen103
\Gm@wd@mp=\dimen104
\Gm@odd@mp=\dimen105
\Gm@even@mp=\dimen106
\Gm@layoutwidth=\dimen107
\Gm@layoutheight=\dimen108
\Gm@layouthoffset=\dimen109
\Gm@layoutvoffset=\dimen110
\Gm@dimlist=\toks17
)
(/usr/local/texlive/2016/texmf-dist/tex/latex/amsmath/amsmath.sty
Package: amsmath 2016/03/10 v2.15b AMS math features
\@mathmargin=\skip43

For additional information on amsmath, use the `?' option.
(/usr/local/texlive/2016/texmf-dist/tex/latex/amsmath/amstext.sty
Package: amstext 2000/06/29 v2.01 AMS text

(/usr/local/texlive/2016/texmf-dist/tex/latex/amsmath/amsgen.sty
File: amsgen.sty 1999/11/30 v2.0 generic functions
\@emptytoks=\toks18
\ex@=\dimen111
))
(/usr/local/texlive/2016/texmf-dist/tex/latex/amsmath/amsbsy.sty
Package: amsbsy 1999/11/29 v1.2d Bold Symbols
\pmbraise@=\dimen112
)
(/usr/local/texlive/2016/texmf-dist/tex/latex/amsmath/amsopn.sty
Package: amsopn 2016/03/08 v2.02 operator names
)
\inf@bad=\count90
LaTeX Info: Redefining \frac on input line 199.
\uproot@=\count91
\leftroot@=\count92
LaTeX Info: Redefining \overline on input line 297.
\classnum@=\count93
\DOTSCASE@=\count94
LaTeX Info: Redefining \ldots on input line 394.
LaTeX Info: Redefining \dots on input line 397.
LaTeX Info: Redefining \cdots on input line 518.
\Mathstrutbox@=\box26
\strutbox@=\box27
\big@size=\dimen113
LaTeX Font Info:    Redeclaring font encoding OML on input line 634.
LaTeX Font Info:    Redeclaring font encoding OMS on input line 635.
\macc@depth=\count95
\c@MaxMatrixCols=\count96
\dotsspace@=\muskip10
\c@parentequation=\count97
\dspbrk@lvl=\count98
\tag@help=\toks19
\row@=\count99
\column@=\count100
\maxfields@=\count101
\andhelp@=\toks20
\eqnshift@=\dimen114
\alignsep@=\dimen115
\tagshift@=\dimen116
\tagwidth@=\dimen117
\totwidth@=\dimen118
\lineht@=\dimen119
\@envbody=\toks21
\multlinegap=\skip44
\multlinetaggap=\skip45
\mathdisplay@stack=\toks22
LaTeX Info: Redefining \[ on input line 2739.
LaTeX Info: Redefining \] on input line 2740.
)
(/usr/local/texlive/2016/texmf-dist/tex/latex/graphics/graphicx.sty
Package: graphicx 2014/10/28 v1.0g Enhanced LaTeX Graphics (DPC,SPQR)

(/usr/local/texlive/2016/texmf-dist/tex/latex/graphics/graphics.sty
Package: graphics 2016/05/09 v1.0r Standard LaTeX Graphics (DPC,SPQR)

(/usr/local/texlive/2016/texmf-dist/tex/latex/graphics/trig.sty
Package: trig 2016/01/03 v1.10 sin cos tan (DPC)
)
(/usr/local/texlive/2016/texmf-dist/tex/latex/graphics-cfg/graphics.cfg
File: graphics.cfg 2016/01/02 v1.10 sample graphics configuration
)
Package graphics Info: Driver file: pdftex.def on input line 96.

(/usr/local/texlive/2016/texmf-dist/tex/latex/pdftex-def/pdftex.def
File: pdftex.def 2011/05/27 v0.06d Graphics/color for pdfTeX

(/usr/local/texlive/2016/texmf-dist/tex/generic/oberdiek/infwarerr.sty
Package: infwarerr 2016/05/16 v1.4 Providing info/warning/error messages (HO)
)
(/usr/local/texlive/2016/texmf-dist/tex/generic/oberdiek/ltxcmds.sty
Package: ltxcmds 2016/05/16 v1.23 LaTeX kernel commands for general use (HO)
)
\Gread@gobject=\count102
))
\Gin@req@height=\dimen120
\Gin@req@width=\dimen121
)
(/usr/local/texlive/2016/texmf-dist/tex/latex/algorithms/algorithmic.sty
Package: algorithmic 2009/08/24 v0.1 Document Style `algorithmic'

(/usr/local/texlive/2016/texmf-dist/tex/latex/base/ifthen.sty
Package: ifthen 2014/09/29 v1.1c Standard LaTeX ifthen package (DPC)
)
\c@ALC@unique=\count103
\c@ALC@line=\count104
\c@ALC@rem=\count105
\c@ALC@depth=\count106
\ALC@tlm=\skip46
\algorithmicindent=\skip47
)
(/usr/local/texlive/2016/texmf-dist/tex/latex/tools/tabularx.sty
Package: tabularx 2016/02/03 v2.11 `tabularx' package (DPC)

(/usr/local/texlive/2016/texmf-dist/tex/latex/tools/array.sty
Package: array 2014/10/28 v2.4c Tabular extension package (FMi)
\col@sep=\dimen122
\extrarowheight=\dimen123
\NC@list=\toks23
\extratabsurround=\skip48
\backup@length=\skip49
)
\TX@col@width=\dimen124
\TX@old@table=\dimen125
\TX@old@col=\dimen126
\TX@target=\dimen127
\TX@delta=\dimen128
\TX@cols=\count107
\TX@ftn=\toks24
)
(/usr/local/texlive/2016/texmf-dist/tex/latex/colortbl/colortbl.sty
Package: colortbl 2012/02/13 v1.0a Color table columns (DPC)

(/usr/local/texlive/2016/texmf-dist/tex/latex/graphics/color.sty
Package: color 2016/05/09 v1.1c Standard LaTeX Color (DPC)

(/usr/local/texlive/2016/texmf-dist/tex/latex/graphics-cfg/color.cfg
File: color.cfg 2016/01/02 v1.6 sample color configuration
)
Package color Info: Driver file: pdftex.def on input line 144.
)
\everycr=\toks25
\minrowclearance=\skip50
)
(/usr/local/texlive/2016/texmf-dist/tex/latex/tools/hhline.sty
Package: hhline 2014/10/28 v2.03 Table rule package (DPC)
)
(/usr/local/texlive/2016/texmf-dist/tex/latex/psnfss/pifont.sty
Package: pifont 2005/04/12 PSNFSS-v9.2a Pi font support (SPQR) 
LaTeX Font Info:    Try loading font information for U+pzd on input line 63.

(/usr/local/texlive/2016/texmf-dist/tex/latex/psnfss/upzd.fd
File: upzd.fd 2001/06/04 font definitions for U/pzd.
)
LaTeX Font Info:    Try loading font information for U+psy on input line 64.

(/usr/local/texlive/2016/texmf-dist/tex/latex/psnfss/upsy.fd
File: upsy.fd 2001/06/04 font definitions for U/psy.
))
(/usr/local/texlive/2016/texmf-dist/tex/latex/psnfss/courier.sty
Package: courier 2005/04/12 PSNFSS-v9.2a (WaS) 
)
(/usr/local/texlive/2016/texmf-dist/tex/latex/caption/subcaption.sty
Package: subcaption 2016/02/20 v1.1-142 Sub-captions (AR)

(/usr/local/texlive/2016/texmf-dist/tex/latex/caption/caption.sty
Package: caption 2016/02/21 v3.3-144 Customizing captions (AR)

(/usr/local/texlive/2016/texmf-dist/tex/latex/caption/caption3.sty
Package: caption3 2016/02/04 v1.7-139 caption3 kernel (AR)
Package caption3 Info: TeX engine: e-TeX on input line 67.
\captionmargin=\dimen129
\captionmargin@=\dimen130
\captionwidth=\dimen131
\caption@tempdima=\dimen132
\caption@indent=\dimen133
\caption@parindent=\dimen134
\caption@hangindent=\dimen135
)
\c@ContinuedFloat=\count108
)
\c@subfigure=\count109
\c@subtable=\count110
)
(/usr/local/texlive/2016/texmf-dist/tex/latex/placeins/placeins.sty
Package: placeins 2005/04/18  v 2.2
)
(/usr/local/texlive/2016/texmf-dist/tex/generic/babel/babel.sty
Package: babel 2016/04/23 3.9r The Babel package

(/usr/local/texlive/2016/texmf-dist/tex/generic/babel-english/english.ldf
Language: english 2012/08/20 v3.3p English support from the babel system

(/usr/local/texlive/2016/texmf-dist/tex/generic/babel/babel.def
File: babel.def 2016/04/23 3.9r Babel common definitions
\babel@savecnt=\count111
\U@D=\dimen136
)
\l@canadian = a dialect from \language\l@american 
\l@australian = a dialect from \language\l@british 
\l@newzealand = a dialect from \language\l@british 
))
(./report_problem_2.aux

LaTeX Warning: Label `fig:b' multiply defined.


LaTeX Warning: Label `sub@fig:b' multiply defined.


LaTeX Warning: Label `fig:b' multiply defined.


LaTeX Warning: Label `sub@fig:b' multiply defined.


LaTeX Warning: Label `fig:1' multiply defined.


LaTeX Warning: Label `fig:b' multiply defined.


LaTeX Warning: Label `sub@fig:b' multiply defined.


LaTeX Warning: Label `fig:b' multiply defined.


LaTeX Warning: Label `sub@fig:b' multiply defined.


LaTeX Warning: Label `fig:1' multiply defined.


LaTeX Warning: Label `fig:b' multiply defined.


LaTeX Warning: Label `sub@fig:b' multiply defined.


LaTeX Warning: Label `fig:b' multiply defined.


LaTeX Warning: Label `sub@fig:b' multiply defined.


LaTeX Warning: Label `fig:b' multiply defined.


LaTeX Warning: Label `sub@fig:b' multiply defined.

)
\openout1 = `report_problem_2.aux'.

LaTeX Font Info:    Checking defaults for OML/cmm/m/it on input line 31.
LaTeX Font Info:    ... okay on input line 31.
LaTeX Font Info:    Checking defaults for T1/cmr/m/n on input line 31.
LaTeX Font Info:    ... okay on input line 31.
LaTeX Font Info:    Checking defaults for OT1/cmr/m/n on input line 31.
LaTeX Font Info:    ... okay on input line 31.
LaTeX Font Info:    Checking defaults for OMS/cmsy/m/n on input line 31.
LaTeX Font Info:    ... okay on input line 31.
LaTeX Font Info:    Checking defaults for OMX/cmex/m/n on input line 31.
LaTeX Font Info:    ... okay on input line 31.
LaTeX Font Info:    Checking defaults for U/cmr/m/n on input line 31.
LaTeX Font Info:    ... okay on input line 31.

*geometry* driver: auto-detecting
*geometry* detected driver: pdftex

Package geometry Warning: The marginal notes overrun the paper.
     Add 19.0945pt and more to the right margin.

*geometry* verbose mode - [ preamble ] result:
* driver: pdftex
* paper: a4paper
* layout: <same size as paper>
* layoutoffset:(h,v)=(0.0pt,0.0pt)
* modes: 
* h-part:(L,W,R)=(56.9055pt, 483.69687pt, 56.9055pt)
* v-part:(T,H,B)=(56.9055pt, 731.23584pt, 56.9055pt)
* \paperwidth=597.50787pt
* \paperheight=845.04684pt
* \textwidth=483.69687pt
* \textheight=731.23584pt
* \oddsidemargin=-15.36449pt
* \evensidemargin=-15.36449pt
* \topmargin=-52.36449pt
* \headheight=12.0pt
* \headsep=25.0pt
* \topskip=10.0pt
* \footskip=30.0pt
* \marginparwidth=65.0pt
* \marginparsep=11.0pt
* \columnsep=10.0pt
* \skip\footins=9.0pt plus 4.0pt minus 2.0pt
* \hoffset=0.0pt
* \voffset=0.0pt
* \mag=1000
* \@twocolumnfalse
* \@twosidefalse
* \@mparswitchfalse
* \@reversemarginfalse
* (1in=72.27pt=25.4mm, 1cm=28.453pt)

(/usr/local/texlive/2016/texmf-dist/tex/context/base/mkii/supp-pdf.mkii
[Loading MPS to PDF converter (version 2006.09.02).]
\scratchcounter=\count112
\scratchdimen=\dimen137
\scratchbox=\box28
\nofMPsegments=\count113
\nofMParguments=\count114
\everyMPshowfont=\toks26
\MPscratchCnt=\count115
\MPscratchDim=\dimen138
\MPnumerator=\count116
\makeMPintoPDFobject=\count117
\everyMPtoPDFconversion=\toks27
) (/usr/local/texlive/2016/texmf-dist/tex/generic/oberdiek/pdftexcmds.sty
Package: pdftexcmds 2016/05/10 v0.21 Utility functions of pdfTeX for LuaTeX (HO
)

(/usr/local/texlive/2016/texmf-dist/tex/generic/oberdiek/ifluatex.sty
Package: ifluatex 2016/05/16 v1.4 Provides the ifluatex switch (HO)
Package ifluatex Info: LuaTeX not detected.
)
Package pdftexcmds Info: LuaTeX not detected.
Package pdftexcmds Info: \pdf@primitive is available.
Package pdftexcmds Info: \pdf@ifprimitive is available.
Package pdftexcmds Info: \pdfdraftmode found.
)
(/usr/local/texlive/2016/texmf-dist/tex/latex/oberdiek/epstopdf-base.sty
Package: epstopdf-base 2016/05/15 v2.6 Base part for package epstopdf

(/usr/local/texlive/2016/texmf-dist/tex/latex/oberdiek/grfext.sty
Package: grfext 2016/05/16 v1.2 Manage graphics extensions (HO)

(/usr/local/texlive/2016/texmf-dist/tex/generic/oberdiek/kvdefinekeys.sty
Package: kvdefinekeys 2016/05/16 v1.4 Define keys (HO)
))
(/usr/local/texlive/2016/texmf-dist/tex/latex/oberdiek/kvoptions.sty
Package: kvoptions 2016/05/16 v3.12 Key value format for package options (HO)

(/usr/local/texlive/2016/texmf-dist/tex/generic/oberdiek/kvsetkeys.sty
Package: kvsetkeys 2016/05/16 v1.17 Key value parser (HO)

(/usr/local/texlive/2016/texmf-dist/tex/generic/oberdiek/etexcmds.sty
Package: etexcmds 2016/05/16 v1.6 Avoid name clashes with e-TeX commands (HO)
Package etexcmds Info: Could not find \expanded.
(etexcmds)             That can mean that you are not using pdfTeX 1.50 or
(etexcmds)             that some package has redefined \expanded.
(etexcmds)             In the latter case, load this package earlier.
)))
Package grfext Info: Graphics extension search list:
(grfext)             [.png,.pdf,.jpg,.mps,.jpeg,.jbig2,.jb2,.PNG,.PDF,.JPG,.JPE
G,.JBIG2,.JB2,.eps]
(grfext)             \AppendGraphicsExtensions on input line 456.

(/usr/local/texlive/2016/texmf-dist/tex/latex/latexconfig/epstopdf-sys.cfg
File: epstopdf-sys.cfg 2010/07/13 v1.3 Configuration of (r)epstopdf for TeX Liv
e
))
Package caption Info: Begin \AtBeginDocument code.
Package caption Info: End \AtBeginDocument code.

(./report_problem_2.toc)
\tf@toc=\write3
\openout3 = `report_problem_2.toc'.


Underfull \hbox (badness 10000) in paragraph at lines 51--58

 []


Overfull \hbox (0.58865pt too wide) in paragraph at lines 51--58
\T1/cmr/bx/n/10 The op-ti-mal value of $\OML/cmm/m/it/10 $ \T1/cmr/bx/n/10 vec
-tor ob-tained for $\OML/cmm/m/it/10 ^^U \OT1/cmr/m/n/10 = 10$ \T1/cmr/bx/n/10 
has the fol-low-ing non-zero val-ues : 102.769,11.018
 []

[1

{/usr/local/texlive/2016/texmf-var/fonts/map/pdftex/updmap/pdftex.map}]
<../plotLambda/plot_1.png, id=15, 578.16pt x 433.62pt>
File: ../plotLambda/plot_1.png Graphic file (type png)

<use ../plotLambda/plot_1.png>
Package pdftex.def Info: ../plotLambda/plot_1.png used on input line 63.
(pdftex.def)             Requested size: 232.17242pt x 174.12642pt.

<../plotLambda/plot_2.png, id=16, 578.16pt x 433.62pt>
File: ../plotLambda/plot_2.png Graphic file (type png)

<use ../plotLambda/plot_2.png>
Package pdftex.def Info: ../plotLambda/plot_2.png used on input line 67.
(pdftex.def)             Requested size: 232.17242pt x 174.12642pt.

<../plotLambda/plot_3.png, id=17, 578.16pt x 433.62pt>
File: ../plotLambda/plot_3.png Graphic file (type png)

<use ../plotLambda/plot_3.png>
Package pdftex.def Info: ../plotLambda/plot_3.png used on input line 75.
(pdftex.def)             Requested size: 232.17242pt x 174.12642pt.

<../plotLambda/plot_4.png, id=18, 578.16pt x 433.62pt>
File: ../plotLambda/plot_4.png Graphic file (type png)

<use ../plotLambda/plot_4.png>
Package pdftex.def Info: ../plotLambda/plot_4.png used on input line 79.
(pdftex.def)             Requested size: 232.17242pt x 174.12642pt.

<../plotLambda/plot_5.png, id=19, 578.16pt x 433.62pt>
File: ../plotLambda/plot_5.png Graphic file (type png)

<use ../plotLambda/plot_5.png>
Package pdftex.def Info: ../plotLambda/plot_5.png used on input line 87.
(pdftex.def)             Requested size: 232.17242pt x 174.12642pt.

<../plotLambda/plot_6.png, id=20, 578.16pt x 433.62pt>
File: ../plotLambda/plot_6.png Graphic file (type png)

<use ../plotLambda/plot_6.png>
Package pdftex.def Info: ../plotLambda/plot_6.png used on input line 91.
(pdftex.def)             Requested size: 232.17242pt x 174.12642pt.

<../plotLambda/plot_7.png, id=21, 578.16pt x 433.62pt>
File: ../plotLambda/plot_7.png Graphic file (type png)

<use ../plotLambda/plot_7.png>
Package pdftex.def Info: ../plotLambda/plot_7.png used on input line 99.
(pdftex.def)             Requested size: 232.17242pt x 174.12642pt.

<../plotLambda/plot_8.png, id=22, 578.16pt x 433.62pt>
File: ../plotLambda/plot_8.png Graphic file (type png)

<use ../plotLambda/plot_8.png>
Package pdftex.def Info: ../plotLambda/plot_8.png used on input line 103.
(pdftex.def)             Requested size: 232.17242pt x 174.12642pt.

<../plotLambda/plot_9.png, id=23, 578.16pt x 433.62pt>
File: ../plotLambda/plot_9.png Graphic file (type png)

<use ../plotLambda/plot_9.png>
Package pdftex.def Info: ../plotLambda/plot_9.png used on input line 111.
(pdftex.def)             Requested size: 232.17242pt x 174.12642pt.

<../plotLambda/plot_10.png, id=24, 578.16pt x 433.62pt>
File: ../plotLambda/plot_10.png Graphic file (type png)

<use ../plotLambda/plot_10.png>
Package pdftex.def Info: ../plotLambda/plot_10.png used on input line 115.
(pdftex.def)             Requested size: 232.17242pt x 174.12642pt.
LaTeX Font Info:    Try loading font information for OMS+cmr on input line 125.


(/usr/local/texlive/2016/texmf-dist/tex/latex/base/omscmr.fd
File: omscmr.fd 2014/09/29 v2.5h Standard LaTeX font definitions
)
LaTeX Font Info:    Font shape `OMS/cmr/m/n' in size <10> not available
(Font)              Font shape `OMS/cmsy/m/n' tried instead on input line 125.
 [2 <../plotLambda/plot_1.png (PNG copy)> <../plotLambda/plot_2.png (PNG copy)>
 <../plotLambda/plot_3.png (PNG copy)> <../plotLambda/plot_4.png (PNG copy)> <.
./plotLambda/plot_5.png (PNG copy)> <../plotLambda/plot_6.png (PNG copy)>] [3 <
../plotLambda/plot_7.png (PNG copy)> <../plotLambda/plot_8.png (PNG copy)> <../
plotLambda/plot_9.png (PNG copy)> <../plotLambda/plot_10.png (PNG copy)>]
<../plotC/plot_C_1.png, id=34, 578.16pt x 433.62pt>
File: ../plotC/plot_C_1.png Graphic file (type png)

<use ../plotC/plot_C_1.png>
Package pdftex.def Info: ../plotC/plot_C_1.png used on input line 172.
(pdftex.def)             Requested size: 232.17242pt x 174.12642pt.

<../plotC/plot_C_10.png, id=35, 578.16pt x 433.62pt>
File: ../plotC/plot_C_10.png Graphic file (type png)

<use ../plotC/plot_C_10.png>
Package pdftex.def Info: ../plotC/plot_C_10.png used on input line 176.
(pdftex.def)             Requested size: 232.17242pt x 174.12642pt.

<../plotC/plot_C_100.png, id=36, 578.16pt x 433.62pt>
File: ../plotC/plot_C_100.png Graphic file (type png)

<use ../plotC/plot_C_100.png>
Package pdftex.def Info: ../plotC/plot_C_100.png used on input line 184.
(pdftex.def)             Requested size: 232.17242pt x 174.12642pt.

<../plotC/plot_C_1000.png, id=37, 578.16pt x 433.62pt>
File: ../plotC/plot_C_1000.png Graphic file (type png)

<use ../plotC/plot_C_1000.png>
Package pdftex.def Info: ../plotC/plot_C_1000.png used on input line 188.
(pdftex.def)             Requested size: 232.17242pt x 174.12642pt.

<../plotC/plot_C_10000.png, id=38, 578.16pt x 433.62pt>
File: ../plotC/plot_C_10000.png Graphic file (type png)

<use ../plotC/plot_C_10000.png>
Package pdftex.def Info: ../plotC/plot_C_10000.png used on input line 193.
(pdftex.def)             Requested size: 232.17242pt x 174.12642pt.

<../plotC/plot_C_100000.png, id=39, 578.16pt x 433.62pt>
File: ../plotC/plot_C_100000.png Graphic file (type png)

<use ../plotC/plot_C_100000.png>
Package pdftex.def Info: ../plotC/plot_C_100000.png used on input line 197.
(pdftex.def)             Requested size: 232.17242pt x 174.12642pt.
 [4] [5 <../plotC/plot_C_1.png (PNG copy)> <../plotC/plot_C_10.png (PNG copy)> 
<../plotC/plot_C_100.png (PNG copy)> <../plotC/plot_C_1000.png (PNG copy)> <../
plotC/plot_C_10000.png (PNG copy)> <../plotC/plot_C_100000.png (PNG copy)>] (./
report_problem_2.aux)

LaTeX Warning: There were multiply-defined labels.

 ) 
Here is how much of TeX's memory you used:
 4876 strings out of 493014
 71517 string characters out of 6133351
 150316 words of memory out of 5000000
 8291 multiletter control sequences out of 15000+600000
 16170 words of font info for 43 fonts, out of 8000000 for 9000
 1141 hyphenation exceptions out of 8191
 42i,8n,40p,570b,489s stack positions out of 5000i,500n,10000p,200000b,80000s
{/usr/local/texlive/2016/texmf-dist/fonts/enc/dvips/cm-super/cm-super-t1.enc}
</usr/local/texlive/2016/texmf-dist/fonts/type1/public/amsfonts/cm/cmmi10.pfb><
/usr/local/texlive/2016/texmf-dist/fonts/type1/public/amsfonts/cm/cmmi12.pfb></
usr/local/texlive/2016/texmf-dist/fonts/type1/public/amsfonts/cm/cmmi9.pfb></us
r/local/texlive/2016/texmf-dist/fonts/type1/public/amsfonts/cm/cmr10.pfb></usr/
local/texlive/2016/texmf-dist/fonts/type1/public/amsfonts/cm/cmsy10.pfb></usr/l
ocal/texlive/2016/texmf-dist/fonts/type1/public/cm-super/sfbx1000.pfb></usr/loc
al/texlive/2016/texmf-dist/fonts/type1/public/cm-super/sfbx1200.pfb></usr/local
/texlive/2016/texmf-dist/fonts/type1/public/cm-super/sfbx1440.pfb></usr/local/t
exlive/2016/texmf-dist/fonts/type1/public/cm-super/sfrm0900.pfb></usr/local/tex
live/2016/texmf-dist/fonts/type1/public/cm-super/sfrm1000.pfb></usr/local/texli
ve/2016/texmf-dist/fonts/type1/public/cm-super/sfrm1200.pfb></usr/local/texlive
/2016/texmf-dist/fonts/type1/public/cm-super/sfrm1728.pfb></usr/local/texlive/2
016/texmf-dist/fonts/type1/public/cm-super/sfti1200.pfb>
Output written on report_problem_2.pdf (5 pages, 1027989 bytes).
PDF statistics:
 89 PDF objects out of 1000 (max. 8388607)
 52 compressed objects within 1 object stream
 0 named destinations out of 1000 (max. 500000)
 81 words of extra memory for PDF output out of 10000 (max. 10000000)

